<?xml version="1.0" encoding="UTF-8" standalone="yes"?>
<testsuites name="TS_Login" time="26" tests="1" failures="0" errors="0">
    <testsuite name="TS_Login" tests="1" failures="0" errors="0" time="26" timestamp="2019-12-10 18:47:24" hostname="lope112166 - LOPE112166-11.siigo.com" id="Test Suites/TS_Login">
        <properties>
            <property name="deviceName" value=""/>
            <property name="devicePlatform" value=""/>
            <property name="logFolder" value="C:\\Users\\lope112166\\Katalon Studio\\PT\\Reports\\TS_Login\\20191210_184638"/>
            <property name="logFiles" value="C:\\Users\\lope112166\\Katalon Studio\\PT\\Reports\\TS_Login\\20191210_184638\\execution0.log"/>
            <property name="attachments" value=""/>
            <property name="hostName" value="lope112166 - LOPE112166-11.siigo.com"/>
            <property name="os" value="Windows 10 64bit"/>
            <property name="katalonVersion" value="6.2.1.2"/>
            <property name="browser" value="Chrome 78.0.3904.108"/>
            <property name="hostAddress" value="10.89.50.57"/>
            <property name="sessionId" value="ac8fdf75c6b8b32d5a68298cc7aac8a1"/>
            <property name="seleniumVersion" value="3.141.59"/>
            <property name="proxyInformation" value="ProxyInformation{proxyOption=NO_PROXY, proxyServerType=HTTP, password=, proxyServerAddress=, proxyServerPort=0}"/>
            <property name="platform" value="Windows 10"/>
        </properties>
        <testcase name="Test Cases/TC_Login" classname="Test Cases/TC_Login" status="PASSED">
            <system-out>2019-12-10 18:47:24 - [TEST_CASE][PASSED] - Test Cases/TC_Login: Test Cases/TC_Login&#xD;
&#xD;
2019-12-10 18:47:24 - [TEST_STEP][PASSED] - openBrowser("http://testeresiigojs.azurewebsites.net/#/license"): Browser is opened with url: 'http://testeresiigojs.azurewebsites.net/#/license'&#xD;
&#xD;
2019-12-10 18:47:24 - [MESSAGE][INFO] - Starting 'Chrome' driver&#xD;
&#xD;
2019-12-10 18:47:24 - [MESSAGE][INFO] - Action delay is set to 0 seconds&#xD;
&#xD;
2019-12-10 18:47:46 - [MESSAGE][PASSED] - Browser is opened with url: 'http://testeresiigojs.azurewebsites.net/#/license'&#xD;
&#xD;
2019-12-10 18:47:46 - [TEST_STEP][PASSED] - setText(findTestObject("Login/inputUserName"), findTestData("Login/DD_Login").getValue(2, 1)): Text 'siigo@tech.com' is set on object 'Object Repository/Login/inputUserName'&#xD;
&#xD;
2019-12-10 18:47:48 - [MESSAGE][PASSED] - Text 'siigo@tech.com' is set on object 'Object Repository/Login/inputUserName'&#xD;
&#xD;
2019-12-10 18:47:48 - [TEST_STEP][PASSED] - setText(findTestObject("Login/inputPassword"), findTestData("Login/DD_Login").getValue(3, 1)): Text '1111' is set on object 'Object Repository/Login/inputPassword'&#xD;
&#xD;
2019-12-10 18:47:48 - [MESSAGE][PASSED] - Text '1111' is set on object 'Object Repository/Login/inputPassword'&#xD;
&#xD;
2019-12-10 18:47:48 - [TEST_STEP][PASSED] - click(findTestObject("Login/buttonLogin")): Object: 'Object Repository/Login/buttonLogin' is clicked on&#xD;
&#xD;
2019-12-10 18:47:48 - [MESSAGE][PASSED] - Object: 'Object Repository/Login/buttonLogin' is clicked on&#xD;
&#xD;
2019-12-10 18:47:48 - [TEST_STEP][PASSED] - waitForElementPresent(findTestObject("HomePage/ImgLogo"), 5): Object 'Object Repository/HomePage/ImgLogo' is present&#xD;
&#xD;
2019-12-10 18:47:50 - [MESSAGE][PASSED] - Object 'Object Repository/HomePage/ImgLogo' is present&#xD;
&#xD;
2019-12-10 18:47:50 - [TEST_STEP][PASSED] - closeBrowser(): Browser is closed&#xD;
&#xD;
2019-12-10 18:47:50 - [MESSAGE][PASSED] - Browser is closed</system-out>
            <system-err></system-err>
        </testcase>
        <system-out>2019-12-10 18:47:24 - [TEST_SUITE][INCOMPLETE] - TS_Login: null</system-out>
        <system-err>2019-12-10 18:47:24 - [TEST_SUITE][INCOMPLETE] - TS_Login: null</system-err>
    </testsuite>
</testsuites>
