<?xml version="1.0" encoding="UTF-8" standalone="yes"?>
<testsuites name="TS_LogOff" time="50" tests="2" failures="0" errors="0">
    <testsuite name="TS_LogOff" tests="2" failures="0" errors="0" time="50" timestamp="2019-12-12 17:54:55" hostname="lope112166 - LOPE112166-11.siigo.com" id="Test Suites/TS_LogOff">
        <properties>
            <property name="deviceName" value=""/>
            <property name="devicePlatform" value=""/>
            <property name="logFolder" value="C:\\Users\\lope112166\\Katalon Studio\\katalonbasic\\Reports\\TS_LogOff\\20191212_175438"/>
            <property name="logFiles" value="C:\\Users\\lope112166\\Katalon Studio\\katalonbasic\\Reports\\TS_LogOff\\20191212_175438\\execution0.log"/>
            <property name="attachments" value=""/>
            <property name="hostName" value="lope112166 - LOPE112166-11.siigo.com"/>
            <property name="os" value="Windows 10 64bit"/>
            <property name="katalonVersion" value="6.2.1.2"/>
            <property name="browser" value="Chrome 79.0.3945.79"/>
            <property name="hostAddress" value="10.89.50.57"/>
            <property name="sessionId" value="40e872c7f1b921ba906bb5b2e82c844b"/>
            <property name="seleniumVersion" value="3.141.59"/>
            <property name="proxyInformation" value="ProxyInformation{proxyOption=NO_PROXY, proxyServerType=HTTP, password=, proxyServerAddress=, proxyServerPort=0}"/>
            <property name="platform" value="Windows 10"/>
        </properties>
        <testcase name="Test Cases/TC_LogOff" classname="Test Cases/TC_LogOff" status="PASSED">
            <system-out>2019-12-12 17:54:55 - [TEST_CASE][PASSED] - Test Cases/TC_LogOff: Test Cases/TC_LogOff&#xD;
&#xD;
2019-12-12 17:54:55 - [TEST_STEP][PASSED] - Start listener action : sampleBeforeTestCase: Current window maximized&#xD;
&#xD;
2019-12-12 17:54:55 - [TEST_STEP][PASSED] - openBrowser(URL): Browser is opened with url: 'http://testeresiigojs.azurewebsites.net/#/license'&#xD;
&#xD;
2019-12-12 17:54:56 - [MESSAGE][INFO] - Starting 'Chrome' driver&#xD;
&#xD;
2019-12-12 17:54:56 - [MESSAGE][INFO] - Action delay is set to 0 seconds&#xD;
&#xD;
2019-12-12 17:55:14 - [MESSAGE][PASSED] - Browser is opened with url: 'http://testeresiigojs.azurewebsites.net/#/license'&#xD;
&#xD;
2019-12-12 17:55:14 - [TEST_STEP][PASSED] - maximizeWindow(): Current window maximized&#xD;
&#xD;
2019-12-12 17:55:19 - [MESSAGE][PASSED] - Current window maximized&#xD;
&#xD;
2019-12-12 17:55:19 - [TEST_STEP][PASSED] - setText(findTestObject("Login/inputUserName"), userName): Text 'siigo@tech.com' is set on object 'Object Repository/Login/inputUserName'&#xD;
&#xD;
2019-12-12 17:55:19 - [MESSAGE][PASSED] - Text 'siigo@tech.com' is set on object 'Object Repository/Login/inputUserName'&#xD;
&#xD;
2019-12-12 17:55:19 - [TEST_STEP][PASSED] - setText(findTestObject("Login/inputPassword"), password): Text '1112' is set on object 'Object Repository/Login/inputPassword'&#xD;
&#xD;
2019-12-12 17:55:19 - [MESSAGE][PASSED] - Text '1112' is set on object 'Object Repository/Login/inputPassword'&#xD;
&#xD;
2019-12-12 17:55:19 - [TEST_STEP][PASSED] - click(findTestObject("Login/buttonLogin")): Object: 'Object Repository/Login/buttonLogin' is clicked on&#xD;
&#xD;
2019-12-12 17:55:19 - [MESSAGE][PASSED] - Object: 'Object Repository/Login/buttonLogin' is clicked on&#xD;
&#xD;
2019-12-12 17:55:19 - [TEST_STEP][PASSED] - verifyElementPresent(findTestObject("Login/alert"), 5, STOP_ON_FAILURE): Object 'Object Repository/Login/alert' is present&#xD;
&#xD;
2019-12-12 17:55:21 - [MESSAGE][PASSED] - Object 'Object Repository/Login/alert' is present&#xD;
&#xD;
2019-12-12 17:55:21 - [TEST_STEP][PASSED] - Start listener action : sampleAfterTestCase: Browser is closed&#xD;
&#xD;
2019-12-12 17:55:21 - [TEST_STEP][PASSED] - closeBrowser(): Browser is closed&#xD;
&#xD;
2019-12-12 17:55:22 - [MESSAGE][PASSED] - Browser is closed</system-out>
            <system-err></system-err>
        </testcase>
        <testcase name="Test Cases/TC_LogOff" classname="Test Cases/TC_LogOff" status="PASSED">
            <system-out>2019-12-12 17:55:22 - [TEST_CASE][PASSED] - Test Cases/TC_LogOff: Test Cases/TC_LogOff&#xD;
&#xD;
2019-12-12 17:55:22 - [TEST_STEP][PASSED] - Start listener action : sampleBeforeTestCase: Current window maximized&#xD;
&#xD;
2019-12-12 17:55:22 - [TEST_STEP][PASSED] - openBrowser(URL): Browser is opened with url: 'http://testeresiigojs.azurewebsites.net/#/license'&#xD;
&#xD;
2019-12-12 17:55:22 - [MESSAGE][INFO] - Starting 'Chrome' driver&#xD;
&#xD;
2019-12-12 17:55:39 - [MESSAGE][PASSED] - Browser is opened with url: 'http://testeresiigojs.azurewebsites.net/#/license'&#xD;
&#xD;
2019-12-12 17:55:39 - [TEST_STEP][PASSED] - maximizeWindow(): Current window maximized&#xD;
&#xD;
2019-12-12 17:55:43 - [MESSAGE][PASSED] - Current window maximized&#xD;
&#xD;
2019-12-12 17:55:43 - [TEST_STEP][PASSED] - setText(findTestObject("Login/inputUserName"), userName): Text 'tech@siigo.com' is set on object 'Object Repository/Login/inputUserName'&#xD;
&#xD;
2019-12-12 17:55:43 - [MESSAGE][PASSED] - Text 'tech@siigo.com' is set on object 'Object Repository/Login/inputUserName'&#xD;
&#xD;
2019-12-12 17:55:43 - [TEST_STEP][PASSED] - setText(findTestObject("Login/inputPassword"), password): Text '1111' is set on object 'Object Repository/Login/inputPassword'&#xD;
&#xD;
2019-12-12 17:55:43 - [MESSAGE][PASSED] - Text '1111' is set on object 'Object Repository/Login/inputPassword'&#xD;
&#xD;
2019-12-12 17:55:43 - [TEST_STEP][PASSED] - click(findTestObject("Login/buttonLogin")): Object: 'Object Repository/Login/buttonLogin' is clicked on&#xD;
&#xD;
2019-12-12 17:55:44 - [MESSAGE][PASSED] - Object: 'Object Repository/Login/buttonLogin' is clicked on&#xD;
&#xD;
2019-12-12 17:55:44 - [TEST_STEP][PASSED] - verifyElementPresent(findTestObject("Login/alert"), 5, STOP_ON_FAILURE): Object 'Object Repository/Login/alert' is present&#xD;
&#xD;
2019-12-12 17:55:45 - [MESSAGE][PASSED] - Object 'Object Repository/Login/alert' is present&#xD;
&#xD;
2019-12-12 17:55:45 - [TEST_STEP][PASSED] - Start listener action : sampleAfterTestCase: Browser is closed&#xD;
&#xD;
2019-12-12 17:55:45 - [TEST_STEP][PASSED] - closeBrowser(): Browser is closed&#xD;
&#xD;
2019-12-12 17:55:45 - [MESSAGE][PASSED] - Browser is closed</system-out>
            <system-err></system-err>
        </testcase>
        <system-out>2019-12-12 17:54:55 - [TEST_SUITE][INCOMPLETE] - TS_LogOff: null</system-out>
        <system-err>2019-12-12 17:54:55 - [TEST_SUITE][INCOMPLETE] - TS_LogOff: null</system-err>
    </testsuite>
</testsuites>
